<?xml version="1.0" encoding="UTF-8"?>
<testsuite xmlns:xsi="http://www.w3.org/2001/XMLSchema-instance" xsi:noNamespaceSchemaLocation="https://maven.apache.org/surefire/maven-surefire-plugin/xsd/surefire-test-report-3.0.xsd" version="3.0" name="org.acme.travels.PersonsProcessTest" time="16.046" tests="2" errors="0" skipped="0" failures="0">
  <properties>
    <property name="gopherProxySet" value="false"/>
    <property name="awt.toolkit" value="sun.lwawt.macosx.LWCToolkit"/>
    <property name="java.specification.version" value="11"/>
    <property name="sun.cpu.isalist" value=""/>
    <property name="sun.jnu.encoding" value="UTF-8"/>
    <property name="java.class.path" value="/Users/sachinchauhan/Downloads/kogito-examples-stable 3/kogito-springboot-examples/process-business-rules-springboot/target/test-classes:/Users/sachinchauhan/Downloads/kogito-examples-stable 3/kogito-springboot-examples/process-business-rules-springboot/target/classes:/Users/sachinchauhan/.m2/repository/org/kie/kogito/kogito-processes-spring-boot-starter/1.31.0.Final/kogito-processes-spring-boot-starter-1.31.0.Final.jar:/Users/sachinchauhan/.m2/repository/org/kie/kogito/jbpm-flow/1.31.0.Final/jbpm-flow-1.31.0.Final.jar:/Users/sachinchauhan/.m2/repository/org/kie/kogito/kogito-events-api/1.31.0.Final/kogito-events-api-1.31.0.Final.jar:/Users/sachinchauhan/.m2/repository/io/cloudevents/cloudevents-core/2.3.0/cloudevents-core-2.3.0.jar:/Users/sachinchauhan/.m2/repository/org/kie/kogito/kogito-services/1.31.0.Final/kogito-services-1.31.0.Final.jar:/Users/sachinchauhan/.m2/repository/org/kie/kogito/kogito-events-core/1.31.0.Final/kogito-events-core-1.31.0.Final.jar:/Users/sachinchauhan/.m2/repository/org/kie/kogito/process-workitems/1.31.0.Final/process-workitems-1.31.0.Final.jar:/Users/sachinchauhan/.m2/repository/org/kie/kogito/kogito-dmn/1.31.0.Final/kogito-dmn-1.31.0.Final.jar:/Users/sachinchauhan/.m2/repository/org/kie/kie-dmn-core/8.31.0.Final/kie-dmn-core-8.31.0.Final.jar:/Users/sachinchauhan/.m2/repository/org/kie/kie-dmn-backend/8.31.0.Final/kie-dmn-backend-8.31.0.Final.jar:/Users/sachinchauhan/.m2/repository/com/thoughtworks/xstream/xstream/1.4.19/xstream-1.4.19.jar:/Users/sachinchauhan/.m2/repository/io/github/x-stream/mxparser/1.2.2/mxparser-1.2.2.jar:/Users/sachinchauhan/.m2/repository/xmlpull/xmlpull/1.1.3.1/xmlpull-1.1.3.1.jar:/Users/sachinchauhan/.m2/repository/org/kie/kie-dmn-feel/8.31.0.Final/kie-dmn-feel-8.31.0.Final.jar:/Users/sachinchauhan/.m2/repository/ch/obermuhlner/big-math/2.0.1/big-math-2.0.1.jar:/Users/sachinchauhan/.m2/repository/org/drools/drools-canonical-model/8.31.0.Final/drools-canonical-model-8.31.0.Final.jar:/Users/sachinchauhan/.m2/repository/org/drools/drools-alphanetwork-compiler/8.31.0.Final/drools-alphanetwork-compiler-8.31.0.Final.jar:/Users/sachinchauhan/.m2/repository/org/kie/efesto-compilation-manager-core/8.31.0.Final/efesto-compilation-manager-core-8.31.0.Final.jar:/Users/sachinchauhan/.m2/repository/org/kie/efesto-compilation-manager-api/8.31.0.Final/efesto-compilation-manager-api-8.31.0.Final.jar:/Users/sachinchauhan/.m2/repository/org/kie/efesto-common-core/8.31.0.Final/efesto-common-core-8.31.0.Final.jar:/Users/sachinchauhan/.m2/repository/org/kie/efesto-runtime-manager-core/8.31.0.Final/efesto-runtime-manager-core-8.31.0.Final.jar:/Users/sachinchauhan/.m2/repository/org/kie/efesto-runtime-manager-api/8.31.0.Final/efesto-runtime-manager-api-8.31.0.Final.jar:/Users/sachinchauhan/.m2/repository/org/kie/efesto-runtime-manager-api/8.31.0.Final/efesto-runtime-manager-api-8.31.0.Final-tests.jar:/Users/sachinchauhan/.m2/repository/org/kie/efesto-common-utils/8.31.0.Final/efesto-common-utils-8.31.0.Final.jar:/Users/sachinchauhan/.m2/repository/org/antlr/antlr4-runtime/4.9.2/antlr4-runtime-4.9.2.jar:/Users/sachinchauhan/.m2/repository/org/jpmml/pmml-model/1.5.1/pmml-model-1.5.1.jar:/Users/sachinchauhan/.m2/repository/org/jpmml/pmml-agent/1.5.1/pmml-agent-1.5.1.jar:/Users/sachinchauhan/.m2/repository/org/kie/kie-dmn-validation/8.31.0.Final/kie-dmn-validation-8.31.0.Final.jar:/Users/sachinchauhan/.m2/repository/org/drools/drools-commands/8.31.0.Final/drools-commands-8.31.0.Final.jar:/Users/sachinchauhan/.m2/repository/com/github/javaparser/javaparser-symbol-solver-core/3.24.2/javaparser-symbol-solver-core-3.24.2.jar:/Users/sachinchauhan/.m2/repository/com/github/javaparser/javaparser-core/3.24.2/javaparser-core-3.24.2.jar:/Users/sachinchauhan/.m2/repository/org/javassist/javassist/3.28.0-GA/javassist-3.28.0-GA.jar:/Users/sachinchauhan/.m2/repository/com/google/guava/guava/31.1-jre/guava-31.1-jre.jar:/Users/sachinchauhan/.m2/repository/com/google/guava/failureaccess/1.0.1/failureaccess-1.0.1.jar:/Users/sachinchauhan/.m2/repository/com/google/guava/listenablefuture/9999.0-empty-to-avoid-conflict-with-guava/listenablefuture-9999.0-empty-to-avoid-conflict-with-guava.jar:/Users/sachinchauhan/.m2/repository/com/google/code/findbugs/jsr305/3.0.2/jsr305-3.0.2.jar:/Users/sachinchauhan/.m2/repository/org/checkerframework/checker-qual/3.12.0/checker-qual-3.12.0.jar:/Users/sachinchauhan/.m2/repository/com/google/errorprone/error_prone_annotations/2.11.0/error_prone_annotations-2.11.0.jar:/Users/sachinchauhan/.m2/repository/com/google/j2objc/j2objc-annotations/1.3/j2objc-annotations-1.3.jar:/Users/sachinchauhan/.m2/repository/org/drools/drools-mvel/8.31.0.Final/drools-mvel-8.31.0.Final.jar:/Users/sachinchauhan/.m2/repository/org/kie/kie-internal/8.31.0.Final/kie-internal-8.31.0.Final.jar:/Users/sachinchauhan/.m2/repository/org/drools/drools-core/8.31.0.Final/drools-core-8.31.0.Final.jar:/Users/sachinchauhan/.m2/repository/org/drools/drools-wiring-static/8.31.0.Final/drools-wiring-static-8.31.0.Final.jar:/Users/sachinchauhan/.m2/repository/org/drools/drools-io/8.31.0.Final/drools-io-8.31.0.Final.jar:/Users/sachinchauhan/.m2/repository/commons-codec/commons-codec/1.15/commons-codec-1.15.jar:/Users/sachinchauhan/.m2/repository/org/mvel/mvel2/2.4.12.Final/mvel2-2.4.12.Final.jar:/Users/sachinchauhan/.m2/repository/org/slf4j/slf4j-api/1.7.30/slf4j-api-1.7.30.jar:/Users/sachinchauhan/.m2/repository/com/fasterxml/jackson/datatype/jackson-datatype-jsr310/2.13.4/jackson-datatype-jsr310-2.13.4.jar:/Users/sachinchauhan/.m2/repository/com/fasterxml/jackson/core/jackson-core/2.13.4/jackson-core-2.13.4.jar:/Users/sachinchauhan/.m2/repository/org/kie/kogito/kogito-jackson-utils/1.31.0.Final/kogito-jackson-utils-1.31.0.Final.jar:/Users/sachinchauhan/.m2/repository/io/cloudevents/cloudevents-json-jackson/2.3.0/cloudevents-json-jackson-2.3.0.jar:/Users/sachinchauhan/.m2/repository/org/springframework/boot/spring-boot-starter-web/2.6.6/spring-boot-starter-web-2.6.6.jar:/Users/sachinchauhan/.m2/repository/org/springframework/boot/spring-boot-starter-json/2.6.6/spring-boot-starter-json-2.6.6.jar:/Users/sachinchauhan/.m2/repository/com/fasterxml/jackson/datatype/jackson-datatype-jdk8/2.13.4/jackson-datatype-jdk8-2.13.4.jar:/Users/sachinchauhan/.m2/repository/com/fasterxml/jackson/module/jackson-module-parameter-names/2.13.4/jackson-module-parameter-names-2.13.4.jar:/Users/sachinchauhan/.m2/repository/org/springframework/boot/spring-boot-starter-tomcat/2.6.6/spring-boot-starter-tomcat-2.6.6.jar:/Users/sachinchauhan/.m2/repository/org/apache/tomcat/embed/tomcat-embed-core/9.0.60/tomcat-embed-core-9.0.60.jar:/Users/sachinchauhan/.m2/repository/org/apache/tomcat/embed/tomcat-embed-el/9.0.60/tomcat-embed-el-9.0.60.jar:/Users/sachinchauhan/.m2/repository/org/apache/tomcat/embed/tomcat-embed-websocket/9.0.60/tomcat-embed-websocket-9.0.60.jar:/Users/sachinchauhan/.m2/repository/org/springframework/spring-web/5.3.18/spring-web-5.3.18.jar:/Users/sachinchauhan/.m2/repository/org/springframework/spring-beans/5.3.18/spring-beans-5.3.18.jar:/Users/sachinchauhan/.m2/repository/org/springframework/spring-webmvc/5.3.18/spring-webmvc-5.3.18.jar:/Users/sachinchauhan/.m2/repository/org/springframework/spring-aop/5.3.18/spring-aop-5.3.18.jar:/Users/sachinchauhan/.m2/repository/org/springframework/spring-context/5.3.18/spring-context-5.3.18.jar:/Users/sachinchauhan/.m2/repository/org/springframework/spring-expression/5.3.18/spring-expression-5.3.18.jar:/Users/sachinchauhan/.m2/repository/org/kie/kogito/kogito-api/1.31.0.Final/kogito-api-1.31.0.Final.jar:/Users/sachinchauhan/.m2/repository/org/kie/kie-api/8.31.0.Final/kie-api-8.31.0.Final.jar:/Users/sachinchauhan/.m2/repository/com/fasterxml/jackson/core/jackson-annotations/2.13.4/jackson-annotations-2.13.4.jar:/Users/sachinchauhan/.m2/repository/io/cloudevents/cloudevents-api/2.3.0/cloudevents-api-2.3.0.jar:/Users/sachinchauhan/.m2/repository/org/drools/drools-ruleunits-api/8.31.0.Final/drools-ruleunits-api-8.31.0.Final.jar:/Users/sachinchauhan/.m2/repository/org/drools/drools-ruleunits-impl/8.31.0.Final/drools-ruleunits-impl-8.31.0.Final.jar:/Users/sachinchauhan/.m2/repository/org/kie/kie-dmn-api/8.31.0.Final/kie-dmn-api-8.31.0.Final.jar:/Users/sachinchauhan/.m2/repository/org/kie/efesto-common-api/8.31.0.Final/efesto-common-api-8.31.0.Final.jar:/Users/sachinchauhan/.m2/repository/org/kie/kie-dmn-model/8.31.0.Final/kie-dmn-model-8.31.0.Final.jar:/Users/sachinchauhan/.m2/repository/org/kie/kogito/kogito-timer/1.31.0.Final/kogito-timer-1.31.0.Final.jar:/Users/sachinchauhan/.m2/repository/org/kie/kie-pmml-evaluator-api/8.31.0.Final/kie-pmml-evaluator-api-8.31.0.Final.jar:/Users/sachinchauhan/.m2/repository/org/kie/kie-pmml-api/8.31.0.Final/kie-pmml-api-8.31.0.Final.jar:/Users/sachinchauhan/.m2/repository/org/apache/commons/commons-math3/3.4.1/commons-math3-3.4.1.jar:/Users/sachinchauhan/.m2/repository/org/kie/kie-pmml-commons/8.31.0.Final/kie-pmml-commons-8.31.0.Final.jar:/Users/sachinchauhan/.m2/repository/org/apache/commons/commons-text/1.10.0/commons-text-1.10.0.jar:/Users/sachinchauhan/.m2/repository/javax/xml/bind/jaxb-api/2.3.1/jaxb-api-2.3.1.jar:/Users/sachinchauhan/.m2/repository/javax/activation/javax.activation-api/1.2.0/javax.activation-api-1.2.0.jar:/Users/sachinchauhan/.m2/repository/com/sun/activation/javax.activation/1.2.0/javax.activation-1.2.0.jar:/Users/sachinchauhan/.m2/repository/io/swagger/core/v3/swagger-annotations/2.1.7/swagger-annotations-2.1.7.jar:/Users/sachinchauhan/.m2/repository/org/springdoc/springdoc-openapi-ui/1.5.9/springdoc-openapi-ui-1.5.9.jar:/Users/sachinchauhan/.m2/repository/org/springdoc/springdoc-openapi-webmvc-core/1.5.9/springdoc-openapi-webmvc-core-1.5.9.jar:/Users/sachinchauhan/.m2/repository/org/springdoc/springdoc-openapi-common/1.5.9/springdoc-openapi-common-1.5.9.jar:/Users/sachinchauhan/.m2/repository/io/swagger/core/v3/swagger-models/2.1.9/swagger-models-2.1.9.jar:/Users/sachinchauhan/.m2/repository/io/swagger/core/v3/swagger-integration/2.1.9/swagger-integration-2.1.9.jar:/Users/sachinchauhan/.m2/repository/io/swagger/core/v3/swagger-core/2.1.9/swagger-core-2.1.9.jar:/Users/sachinchauhan/.m2/repository/com/fasterxml/jackson/dataformat/jackson-dataformat-yaml/2.13.4/jackson-dataformat-yaml-2.13.4.jar:/Users/sachinchauhan/.m2/repository/jakarta/validation/jakarta.validation-api/2.0.2/jakarta.validation-api-2.0.2.jar:/Users/sachinchauhan/.m2/repository/io/github/classgraph/classgraph/4.8.69/classgraph-4.8.69.jar:/Users/sachinchauhan/.m2/repository/org/apache/commons/commons-lang3/3.12.0/commons-lang3-3.12.0.jar:/Users/sachinchauhan/.m2/repository/org/webjars/swagger-ui/3.49.0/swagger-ui-3.49.0.jar:/Users/sachinchauhan/.m2/repository/org/webjars/webjars-locator-core/0.48/webjars-locator-core-0.48.jar:/Users/sachinchauhan/.m2/repository/org/kie/kogito/kogito-rules-spring-boot-starter/1.31.0.Final/kogito-rules-spring-boot-starter-1.31.0.Final.jar:/Users/sachinchauhan/.m2/repository/org/kie/kogito/kogito-drools/1.31.0.Final/kogito-drools-1.31.0.Final.jar:/Users/sachinchauhan/.m2/repository/org/drools/drools-compiler/8.31.0.Final/drools-compiler-8.31.0.Final.jar:/Users/sachinchauhan/.m2/repository/org/drools/drools-drl-parser/8.31.0.Final/drools-drl-parser-8.31.0.Final.jar:/Users/sachinchauhan/.m2/repository/org/drools/drools-drl-extensions/8.31.0.Final/drools-drl-extensions-8.31.0.Final.jar:/Users/sachinchauhan/.m2/repository/org/drools/drools-wiring-api/8.31.0.Final/drools-wiring-api-8.31.0.Final.jar:/Users/sachinchauhan/.m2/repository/org/drools/drools-drl-ast/8.31.0.Final/drools-drl-ast-8.31.0.Final.jar:/Users/sachinchauhan/.m2/repository/org/drools/drools-kiesession/8.31.0.Final/drools-kiesession-8.31.0.Final.jar:/Users/sachinchauhan/.m2/repository/org/kie/kie-memory-compiler/8.31.0.Final/kie-memory-compiler-8.31.0.Final.jar:/Users/sachinchauhan/.m2/repository/org/drools/drools-util/8.31.0.Final/drools-util-8.31.0.Final.jar:/Users/sachinchauhan/.m2/repository/org/drools/drools-ecj/8.31.0.Final/drools-ecj-8.31.0.Final.jar:/Users/sachinchauhan/.m2/repository/org/kie/kie-util-xml/8.31.0.Final/kie-util-xml-8.31.0.Final.jar:/Users/sachinchauhan/.m2/repository/org/kie/kie-util-maven-support/8.31.0.Final/kie-util-maven-support-8.31.0.Final.jar:/Users/sachinchauhan/.m2/repository/org/antlr/antlr-runtime/3.5.2/antlr-runtime-3.5.2.jar:/Users/sachinchauhan/.m2/repository/org/drools/drools-model-codegen/8.31.0.Final/drools-model-codegen-8.31.0.Final.jar:/Users/sachinchauhan/.m2/repository/org/drools/drools-codegen-common/8.31.0.Final/drools-codegen-common-8.31.0.Final.jar:/Users/sachinchauhan/.m2/repository/org/drools/drools-model-compiler/8.31.0.Final/drools-model-compiler-8.31.0.Final.jar:/Users/sachinchauhan/.m2/repository/org/drools/drools-mvel-parser/8.31.0.Final/drools-mvel-parser-8.31.0.Final.jar:/Users/sachinchauhan/.m2/repository/org/drools/drools-mvel-compiler/8.31.0.Final/drools-mvel-compiler-8.31.0.Final.jar:/Users/sachinchauhan/.m2/repository/org/springframework/boot/spring-boot-starter-actuator/2.6.6/spring-boot-starter-actuator-2.6.6.jar:/Users/sachinchauhan/.m2/repository/org/springframework/boot/spring-boot-starter/2.6.6/spring-boot-starter-2.6.6.jar:/Users/sachinchauhan/.m2/repository/org/springframework/boot/spring-boot/2.6.6/spring-boot-2.6.6.jar:/Users/sachinchauhan/.m2/repository/org/springframework/boot/spring-boot-autoconfigure/2.6.6/spring-boot-autoconfigure-2.6.6.jar:/Users/sachinchauhan/.m2/repository/org/springframework/boot/spring-boot-starter-logging/2.6.6/spring-boot-starter-logging-2.6.6.jar:/Users/sachinchauhan/.m2/repository/ch/qos/logback/logback-classic/1.2.9/logback-classic-1.2.9.jar:/Users/sachinchauhan/.m2/repository/ch/qos/logback/logback-core/1.2.9/logback-core-1.2.9.jar:/Users/sachinchauhan/.m2/repository/org/apache/logging/log4j/log4j-to-slf4j/2.17.2/log4j-to-slf4j-2.17.2.jar:/Users/sachinchauhan/.m2/repository/org/apache/logging/log4j/log4j-api/2.17.2/log4j-api-2.17.2.jar:/Users/sachinchauhan/.m2/repository/org/slf4j/jul-to-slf4j/1.7.36/jul-to-slf4j-1.7.36.jar:/Users/sachinchauhan/.m2/repository/jakarta/annotation/jakarta.annotation-api/1.3.5/jakarta.annotation-api-1.3.5.jar:/Users/sachinchauhan/.m2/repository/org/yaml/snakeyaml/1.29/snakeyaml-1.29.jar:/Users/sachinchauhan/.m2/repository/org/springframework/boot/spring-boot-actuator-autoconfigure/2.6.6/spring-boot-actuator-autoconfigure-2.6.6.jar:/Users/sachinchauhan/.m2/repository/org/springframework/boot/spring-boot-actuator/2.6.6/spring-boot-actuator-2.6.6.jar:/Users/sachinchauhan/.m2/repository/com/fasterxml/jackson/core/jackson-databind/2.13.4.2/jackson-databind-2.13.4.2.jar:/Users/sachinchauhan/.m2/repository/io/micrometer/micrometer-core/1.9.5/micrometer-core-1.9.5.jar:/Users/sachinchauhan/.m2/repository/org/hdrhistogram/HdrHistogram/2.1.12/HdrHistogram-2.1.12.jar:/Users/sachinchauhan/.m2/repository/org/latencyutils/LatencyUtils/2.0.3/LatencyUtils-2.0.3.jar:/Users/sachinchauhan/.m2/repository/org/springframework/boot/spring-boot-starter-test/2.6.6/spring-boot-starter-test-2.6.6.jar:/Users/sachinchauhan/.m2/repository/org/springframework/boot/spring-boot-test/2.6.6/spring-boot-test-2.6.6.jar:/Users/sachinchauhan/.m2/repository/org/springframework/boot/spring-boot-test-autoconfigure/2.6.6/spring-boot-test-autoconfigure-2.6.6.jar:/Users/sachinchauhan/.m2/repository/com/jayway/jsonpath/json-path/2.6.0/json-path-2.6.0.jar:/Users/sachinchauhan/.m2/repository/net/minidev/json-smart/2.4.8/json-smart-2.4.8.jar:/Users/sachinchauhan/.m2/repository/net/minidev/accessors-smart/2.4.8/accessors-smart-2.4.8.jar:/Users/sachinchauhan/.m2/repository/org/ow2/asm/asm/9.1/asm-9.1.jar:/Users/sachinchauhan/.m2/repository/jakarta/xml/bind/jakarta.xml.bind-api/2.3.3/jakarta.xml.bind-api-2.3.3.jar:/Users/sachinchauhan/.m2/repository/jakarta/activation/jakarta.activation-api/1.2.2/jakarta.activation-api-1.2.2.jar:/Users/sachinchauhan/.m2/repository/org/assertj/assertj-core/3.22.0/assertj-core-3.22.0.jar:/Users/sachinchauhan/.m2/repository/org/hamcrest/hamcrest/2.2/hamcrest-2.2.jar:/Users/sachinchauhan/.m2/repository/org/junit/jupiter/junit-jupiter/5.9.1/junit-jupiter-5.9.1.jar:/Users/sachinchauhan/.m2/repository/org/junit/jupiter/junit-jupiter-api/5.9.1/junit-jupiter-api-5.9.1.jar:/Users/sachinchauhan/.m2/repository/org/opentest4j/opentest4j/1.2.0/opentest4j-1.2.0.jar:/Users/sachinchauhan/.m2/repository/org/junit/platform/junit-platform-commons/1.9.1/junit-platform-commons-1.9.1.jar:/Users/sachinchauhan/.m2/repository/org/apiguardian/apiguardian-api/1.1.2/apiguardian-api-1.1.2.jar:/Users/sachinchauhan/.m2/repository/org/junit/jupiter/junit-jupiter-params/5.9.1/junit-jupiter-params-5.9.1.jar:/Users/sachinchauhan/.m2/repository/org/junit/jupiter/junit-jupiter-engine/5.9.1/junit-jupiter-engine-5.9.1.jar:/Users/sachinchauhan/.m2/repository/org/junit/platform/junit-platform-engine/1.9.1/junit-platform-engine-1.9.1.jar:/Users/sachinchauhan/.m2/repository/org/mockito/mockito-core/4.8.1/mockito-core-4.8.1.jar:/Users/sachinchauhan/.m2/repository/net/bytebuddy/byte-buddy/1.12.18/byte-buddy-1.12.18.jar:/Users/sachinchauhan/.m2/repository/net/bytebuddy/byte-buddy-agent/1.11.22/byte-buddy-agent-1.11.22.jar:/Users/sachinchauhan/.m2/repository/org/objenesis/objenesis/3.2/objenesis-3.2.jar:/Users/sachinchauhan/.m2/repository/org/mockito/mockito-junit-jupiter/4.8.1/mockito-junit-jupiter-4.8.1.jar:/Users/sachinchauhan/.m2/repository/org/skyscreamer/jsonassert/1.5.0/jsonassert-1.5.0.jar:/Users/sachinchauhan/.m2/repository/com/vaadin/external/google/android-json/0.0.20131108.vaadin1/android-json-0.0.20131108.vaadin1.jar:/Users/sachinchauhan/.m2/repository/org/springframework/spring-core/5.3.18/spring-core-5.3.18.jar:/Users/sachinchauhan/.m2/repository/org/springframework/spring-jcl/5.3.18/spring-jcl-5.3.18.jar:/Users/sachinchauhan/.m2/repository/org/springframework/spring-test/5.3.18/spring-test-5.3.18.jar:/Users/sachinchauhan/.m2/repository/org/xmlunit/xmlunit-core/2.8.4/xmlunit-core-2.8.4.jar:"/>
    <property name="org.uberfire.nio.git.daemon.enabled" value="false"/>
    <property name="java.vm.vendor" value="Amazon.com Inc."/>
    <property name="sun.arch.data.model" value="64"/>
    <property name="catalina.useNaming" value="false"/>
    <property name="java.vendor.url" value="https://aws.amazon.com/corretto/"/>
    <property name="user.timezone" value="Asia/Kolkata"/>
    <property name="os.name" value="Mac OS X"/>
    <property name="java.vm.specification.version" value="11"/>
    <property name="sun.java.launcher" value="SUN_STANDARD"/>
    <property name="user.country" value="IN"/>
    <property name="sun.boot.library.path" value="/Users/sachinchauhan/Library/Java/JavaVirtualMachines/corretto-11.0.17-2/Contents/Home/lib"/>
    <property name="sun.java.command" value="/Users/sachinchauhan/Downloads/kogito-examples-stable 3/kogito-springboot-examples/process-business-rules-springboot/target/surefire/surefirebooter15223489495133117538.jar /Users/sachinchauhan/Downloads/kogito-examples-stable 3/kogito-springboot-examples/process-business-rules-springboot/target/surefire 2022-12-12T14-19-23_241-jvmRun1 surefire6719618743373290459tmp surefire_09114546702096061496tmp"/>
    <property name="http.nonProxyHosts" value="local|*.local|169.254/16|*.169.254/16"/>
    <property name="jdk.debug" value="release"/>
    <property name="surefire.test.class.path" value="/Users/sachinchauhan/Downloads/kogito-examples-stable 3/kogito-springboot-examples/process-business-rules-springboot/target/test-classes:/Users/sachinchauhan/Downloads/kogito-examples-stable 3/kogito-springboot-examples/process-business-rules-springboot/target/classes:/Users/sachinchauhan/.m2/repository/org/kie/kogito/kogito-processes-spring-boot-starter/1.31.0.Final/kogito-processes-spring-boot-starter-1.31.0.Final.jar:/Users/sachinchauhan/.m2/repository/org/kie/kogito/jbpm-flow/1.31.0.Final/jbpm-flow-1.31.0.Final.jar:/Users/sachinchauhan/.m2/repository/org/kie/kogito/kogito-events-api/1.31.0.Final/kogito-events-api-1.31.0.Final.jar:/Users/sachinchauhan/.m2/repository/io/cloudevents/cloudevents-core/2.3.0/cloudevents-core-2.3.0.jar:/Users/sachinchauhan/.m2/repository/org/kie/kogito/kogito-services/1.31.0.Final/kogito-services-1.31.0.Final.jar:/Users/sachinchauhan/.m2/repository/org/kie/kogito/kogito-events-core/1.31.0.Final/kogito-events-core-1.31.0.Final.jar:/Users/sachinchauhan/.m2/repository/org/kie/kogito/process-workitems/1.31.0.Final/process-workitems-1.31.0.Final.jar:/Users/sachinchauhan/.m2/repository/org/kie/kogito/kogito-dmn/1.31.0.Final/kogito-dmn-1.31.0.Final.jar:/Users/sachinchauhan/.m2/repository/org/kie/kie-dmn-core/8.31.0.Final/kie-dmn-core-8.31.0.Final.jar:/Users/sachinchauhan/.m2/repository/org/kie/kie-dmn-backend/8.31.0.Final/kie-dmn-backend-8.31.0.Final.jar:/Users/sachinchauhan/.m2/repository/com/thoughtworks/xstream/xstream/1.4.19/xstream-1.4.19.jar:/Users/sachinchauhan/.m2/repository/io/github/x-stream/mxparser/1.2.2/mxparser-1.2.2.jar:/Users/sachinchauhan/.m2/repository/xmlpull/xmlpull/1.1.3.1/xmlpull-1.1.3.1.jar:/Users/sachinchauhan/.m2/repository/org/kie/kie-dmn-feel/8.31.0.Final/kie-dmn-feel-8.31.0.Final.jar:/Users/sachinchauhan/.m2/repository/ch/obermuhlner/big-math/2.0.1/big-math-2.0.1.jar:/Users/sachinchauhan/.m2/repository/org/drools/drools-canonical-model/8.31.0.Final/drools-canonical-model-8.31.0.Final.jar:/Users/sachinchauhan/.m2/repository/org/drools/drools-alphanetwork-compiler/8.31.0.Final/drools-alphanetwork-compiler-8.31.0.Final.jar:/Users/sachinchauhan/.m2/repository/org/kie/efesto-compilation-manager-core/8.31.0.Final/efesto-compilation-manager-core-8.31.0.Final.jar:/Users/sachinchauhan/.m2/repository/org/kie/efesto-compilation-manager-api/8.31.0.Final/efesto-compilation-manager-api-8.31.0.Final.jar:/Users/sachinchauhan/.m2/repository/org/kie/efesto-common-core/8.31.0.Final/efesto-common-core-8.31.0.Final.jar:/Users/sachinchauhan/.m2/repository/org/kie/efesto-runtime-manager-core/8.31.0.Final/efesto-runtime-manager-core-8.31.0.Final.jar:/Users/sachinchauhan/.m2/repository/org/kie/efesto-runtime-manager-api/8.31.0.Final/efesto-runtime-manager-api-8.31.0.Final.jar:/Users/sachinchauhan/.m2/repository/org/kie/efesto-runtime-manager-api/8.31.0.Final/efesto-runtime-manager-api-8.31.0.Final-tests.jar:/Users/sachinchauhan/.m2/repository/org/kie/efesto-common-utils/8.31.0.Final/efesto-common-utils-8.31.0.Final.jar:/Users/sachinchauhan/.m2/repository/org/antlr/antlr4-runtime/4.9.2/antlr4-runtime-4.9.2.jar:/Users/sachinchauhan/.m2/repository/org/jpmml/pmml-model/1.5.1/pmml-model-1.5.1.jar:/Users/sachinchauhan/.m2/repository/org/jpmml/pmml-agent/1.5.1/pmml-agent-1.5.1.jar:/Users/sachinchauhan/.m2/repository/org/kie/kie-dmn-validation/8.31.0.Final/kie-dmn-validation-8.31.0.Final.jar:/Users/sachinchauhan/.m2/repository/org/drools/drools-commands/8.31.0.Final/drools-commands-8.31.0.Final.jar:/Users/sachinchauhan/.m2/repository/com/github/javaparser/javaparser-symbol-solver-core/3.24.2/javaparser-symbol-solver-core-3.24.2.jar:/Users/sachinchauhan/.m2/repository/com/github/javaparser/javaparser-core/3.24.2/javaparser-core-3.24.2.jar:/Users/sachinchauhan/.m2/repository/org/javassist/javassist/3.28.0-GA/javassist-3.28.0-GA.jar:/Users/sachinchauhan/.m2/repository/com/google/guava/guava/31.1-jre/guava-31.1-jre.jar:/Users/sachinchauhan/.m2/repository/com/google/guava/failureaccess/1.0.1/failureaccess-1.0.1.jar:/Users/sachinchauhan/.m2/repository/com/google/guava/listenablefuture/9999.0-empty-to-avoid-conflict-with-guava/listenablefuture-9999.0-empty-to-avoid-conflict-with-guava.jar:/Users/sachinchauhan/.m2/repository/com/google/code/findbugs/jsr305/3.0.2/jsr305-3.0.2.jar:/Users/sachinchauhan/.m2/repository/org/checkerframework/checker-qual/3.12.0/checker-qual-3.12.0.jar:/Users/sachinchauhan/.m2/repository/com/google/errorprone/error_prone_annotations/2.11.0/error_prone_annotations-2.11.0.jar:/Users/sachinchauhan/.m2/repository/com/google/j2objc/j2objc-annotations/1.3/j2objc-annotations-1.3.jar:/Users/sachinchauhan/.m2/repository/org/drools/drools-mvel/8.31.0.Final/drools-mvel-8.31.0.Final.jar:/Users/sachinchauhan/.m2/repository/org/kie/kie-internal/8.31.0.Final/kie-internal-8.31.0.Final.jar:/Users/sachinchauhan/.m2/repository/org/drools/drools-core/8.31.0.Final/drools-core-8.31.0.Final.jar:/Users/sachinchauhan/.m2/repository/org/drools/drools-wiring-static/8.31.0.Final/drools-wiring-static-8.31.0.Final.jar:/Users/sachinchauhan/.m2/repository/org/drools/drools-io/8.31.0.Final/drools-io-8.31.0.Final.jar:/Users/sachinchauhan/.m2/repository/commons-codec/commons-codec/1.15/commons-codec-1.15.jar:/Users/sachinchauhan/.m2/repository/org/mvel/mvel2/2.4.12.Final/mvel2-2.4.12.Final.jar:/Users/sachinchauhan/.m2/repository/org/slf4j/slf4j-api/1.7.30/slf4j-api-1.7.30.jar:/Users/sachinchauhan/.m2/repository/com/fasterxml/jackson/datatype/jackson-datatype-jsr310/2.13.4/jackson-datatype-jsr310-2.13.4.jar:/Users/sachinchauhan/.m2/repository/com/fasterxml/jackson/core/jackson-core/2.13.4/jackson-core-2.13.4.jar:/Users/sachinchauhan/.m2/repository/org/kie/kogito/kogito-jackson-utils/1.31.0.Final/kogito-jackson-utils-1.31.0.Final.jar:/Users/sachinchauhan/.m2/repository/io/cloudevents/cloudevents-json-jackson/2.3.0/cloudevents-json-jackson-2.3.0.jar:/Users/sachinchauhan/.m2/repository/org/springframework/boot/spring-boot-starter-web/2.6.6/spring-boot-starter-web-2.6.6.jar:/Users/sachinchauhan/.m2/repository/org/springframework/boot/spring-boot-starter-json/2.6.6/spring-boot-starter-json-2.6.6.jar:/Users/sachinchauhan/.m2/repository/com/fasterxml/jackson/datatype/jackson-datatype-jdk8/2.13.4/jackson-datatype-jdk8-2.13.4.jar:/Users/sachinchauhan/.m2/repository/com/fasterxml/jackson/module/jackson-module-parameter-names/2.13.4/jackson-module-parameter-names-2.13.4.jar:/Users/sachinchauhan/.m2/repository/org/springframework/boot/spring-boot-starter-tomcat/2.6.6/spring-boot-starter-tomcat-2.6.6.jar:/Users/sachinchauhan/.m2/repository/org/apache/tomcat/embed/tomcat-embed-core/9.0.60/tomcat-embed-core-9.0.60.jar:/Users/sachinchauhan/.m2/repository/org/apache/tomcat/embed/tomcat-embed-el/9.0.60/tomcat-embed-el-9.0.60.jar:/Users/sachinchauhan/.m2/repository/org/apache/tomcat/embed/tomcat-embed-websocket/9.0.60/tomcat-embed-websocket-9.0.60.jar:/Users/sachinchauhan/.m2/repository/org/springframework/spring-web/5.3.18/spring-web-5.3.18.jar:/Users/sachinchauhan/.m2/repository/org/springframework/spring-beans/5.3.18/spring-beans-5.3.18.jar:/Users/sachinchauhan/.m2/repository/org/springframework/spring-webmvc/5.3.18/spring-webmvc-5.3.18.jar:/Users/sachinchauhan/.m2/repository/org/springframework/spring-aop/5.3.18/spring-aop-5.3.18.jar:/Users/sachinchauhan/.m2/repository/org/springframework/spring-context/5.3.18/spring-context-5.3.18.jar:/Users/sachinchauhan/.m2/repository/org/springframework/spring-expression/5.3.18/spring-expression-5.3.18.jar:/Users/sachinchauhan/.m2/repository/org/kie/kogito/kogito-api/1.31.0.Final/kogito-api-1.31.0.Final.jar:/Users/sachinchauhan/.m2/repository/org/kie/kie-api/8.31.0.Final/kie-api-8.31.0.Final.jar:/Users/sachinchauhan/.m2/repository/com/fasterxml/jackson/core/jackson-annotations/2.13.4/jackson-annotations-2.13.4.jar:/Users/sachinchauhan/.m2/repository/io/cloudevents/cloudevents-api/2.3.0/cloudevents-api-2.3.0.jar:/Users/sachinchauhan/.m2/repository/org/drools/drools-ruleunits-api/8.31.0.Final/drools-ruleunits-api-8.31.0.Final.jar:/Users/sachinchauhan/.m2/repository/org/drools/drools-ruleunits-impl/8.31.0.Final/drools-ruleunits-impl-8.31.0.Final.jar:/Users/sachinchauhan/.m2/repository/org/kie/kie-dmn-api/8.31.0.Final/kie-dmn-api-8.31.0.Final.jar:/Users/sachinchauhan/.m2/repository/org/kie/efesto-common-api/8.31.0.Final/efesto-common-api-8.31.0.Final.jar:/Users/sachinchauhan/.m2/repository/org/kie/kie-dmn-model/8.31.0.Final/kie-dmn-model-8.31.0.Final.jar:/Users/sachinchauhan/.m2/repository/org/kie/kogito/kogito-timer/1.31.0.Final/kogito-timer-1.31.0.Final.jar:/Users/sachinchauhan/.m2/repository/org/kie/kie-pmml-evaluator-api/8.31.0.Final/kie-pmml-evaluator-api-8.31.0.Final.jar:/Users/sachinchauhan/.m2/repository/org/kie/kie-pmml-api/8.31.0.Final/kie-pmml-api-8.31.0.Final.jar:/Users/sachinchauhan/.m2/repository/org/apache/commons/commons-math3/3.4.1/commons-math3-3.4.1.jar:/Users/sachinchauhan/.m2/repository/org/kie/kie-pmml-commons/8.31.0.Final/kie-pmml-commons-8.31.0.Final.jar:/Users/sachinchauhan/.m2/repository/org/apache/commons/commons-text/1.10.0/commons-text-1.10.0.jar:/Users/sachinchauhan/.m2/repository/javax/xml/bind/jaxb-api/2.3.1/jaxb-api-2.3.1.jar:/Users/sachinchauhan/.m2/repository/javax/activation/javax.activation-api/1.2.0/javax.activation-api-1.2.0.jar:/Users/sachinchauhan/.m2/repository/com/sun/activation/javax.activation/1.2.0/javax.activation-1.2.0.jar:/Users/sachinchauhan/.m2/repository/io/swagger/core/v3/swagger-annotations/2.1.7/swagger-annotations-2.1.7.jar:/Users/sachinchauhan/.m2/repository/org/springdoc/springdoc-openapi-ui/1.5.9/springdoc-openapi-ui-1.5.9.jar:/Users/sachinchauhan/.m2/repository/org/springdoc/springdoc-openapi-webmvc-core/1.5.9/springdoc-openapi-webmvc-core-1.5.9.jar:/Users/sachinchauhan/.m2/repository/org/springdoc/springdoc-openapi-common/1.5.9/springdoc-openapi-common-1.5.9.jar:/Users/sachinchauhan/.m2/repository/io/swagger/core/v3/swagger-models/2.1.9/swagger-models-2.1.9.jar:/Users/sachinchauhan/.m2/repository/io/swagger/core/v3/swagger-integration/2.1.9/swagger-integration-2.1.9.jar:/Users/sachinchauhan/.m2/repository/io/swagger/core/v3/swagger-core/2.1.9/swagger-core-2.1.9.jar:/Users/sachinchauhan/.m2/repository/com/fasterxml/jackson/dataformat/jackson-dataformat-yaml/2.13.4/jackson-dataformat-yaml-2.13.4.jar:/Users/sachinchauhan/.m2/repository/jakarta/validation/jakarta.validation-api/2.0.2/jakarta.validation-api-2.0.2.jar:/Users/sachinchauhan/.m2/repository/io/github/classgraph/classgraph/4.8.69/classgraph-4.8.69.jar:/Users/sachinchauhan/.m2/repository/org/apache/commons/commons-lang3/3.12.0/commons-lang3-3.12.0.jar:/Users/sachinchauhan/.m2/repository/org/webjars/swagger-ui/3.49.0/swagger-ui-3.49.0.jar:/Users/sachinchauhan/.m2/repository/org/webjars/webjars-locator-core/0.48/webjars-locator-core-0.48.jar:/Users/sachinchauhan/.m2/repository/org/kie/kogito/kogito-rules-spring-boot-starter/1.31.0.Final/kogito-rules-spring-boot-starter-1.31.0.Final.jar:/Users/sachinchauhan/.m2/repository/org/kie/kogito/kogito-drools/1.31.0.Final/kogito-drools-1.31.0.Final.jar:/Users/sachinchauhan/.m2/repository/org/drools/drools-compiler/8.31.0.Final/drools-compiler-8.31.0.Final.jar:/Users/sachinchauhan/.m2/repository/org/drools/drools-drl-parser/8.31.0.Final/drools-drl-parser-8.31.0.Final.jar:/Users/sachinchauhan/.m2/repository/org/drools/drools-drl-extensions/8.31.0.Final/drools-drl-extensions-8.31.0.Final.jar:/Users/sachinchauhan/.m2/repository/org/drools/drools-wiring-api/8.31.0.Final/drools-wiring-api-8.31.0.Final.jar:/Users/sachinchauhan/.m2/repository/org/drools/drools-drl-ast/8.31.0.Final/drools-drl-ast-8.31.0.Final.jar:/Users/sachinchauhan/.m2/repository/org/drools/drools-kiesession/8.31.0.Final/drools-kiesession-8.31.0.Final.jar:/Users/sachinchauhan/.m2/repository/org/kie/kie-memory-compiler/8.31.0.Final/kie-memory-compiler-8.31.0.Final.jar:/Users/sachinchauhan/.m2/repository/org/drools/drools-util/8.31.0.Final/drools-util-8.31.0.Final.jar:/Users/sachinchauhan/.m2/repository/org/drools/drools-ecj/8.31.0.Final/drools-ecj-8.31.0.Final.jar:/Users/sachinchauhan/.m2/repository/org/kie/kie-util-xml/8.31.0.Final/kie-util-xml-8.31.0.Final.jar:/Users/sachinchauhan/.m2/repository/org/kie/kie-util-maven-support/8.31.0.Final/kie-util-maven-support-8.31.0.Final.jar:/Users/sachinchauhan/.m2/repository/org/antlr/antlr-runtime/3.5.2/antlr-runtime-3.5.2.jar:/Users/sachinchauhan/.m2/repository/org/drools/drools-model-codegen/8.31.0.Final/drools-model-codegen-8.31.0.Final.jar:/Users/sachinchauhan/.m2/repository/org/drools/drools-codegen-common/8.31.0.Final/drools-codegen-common-8.31.0.Final.jar:/Users/sachinchauhan/.m2/repository/org/drools/drools-model-compiler/8.31.0.Final/drools-model-compiler-8.31.0.Final.jar:/Users/sachinchauhan/.m2/repository/org/drools/drools-mvel-parser/8.31.0.Final/drools-mvel-parser-8.31.0.Final.jar:/Users/sachinchauhan/.m2/repository/org/drools/drools-mvel-compiler/8.31.0.Final/drools-mvel-compiler-8.31.0.Final.jar:/Users/sachinchauhan/.m2/repository/org/springframework/boot/spring-boot-starter-actuator/2.6.6/spring-boot-starter-actuator-2.6.6.jar:/Users/sachinchauhan/.m2/repository/org/springframework/boot/spring-boot-starter/2.6.6/spring-boot-starter-2.6.6.jar:/Users/sachinchauhan/.m2/repository/org/springframework/boot/spring-boot/2.6.6/spring-boot-2.6.6.jar:/Users/sachinchauhan/.m2/repository/org/springframework/boot/spring-boot-autoconfigure/2.6.6/spring-boot-autoconfigure-2.6.6.jar:/Users/sachinchauhan/.m2/repository/org/springframework/boot/spring-boot-starter-logging/2.6.6/spring-boot-starter-logging-2.6.6.jar:/Users/sachinchauhan/.m2/repository/ch/qos/logback/logback-classic/1.2.9/logback-classic-1.2.9.jar:/Users/sachinchauhan/.m2/repository/ch/qos/logback/logback-core/1.2.9/logback-core-1.2.9.jar:/Users/sachinchauhan/.m2/repository/org/apache/logging/log4j/log4j-to-slf4j/2.17.2/log4j-to-slf4j-2.17.2.jar:/Users/sachinchauhan/.m2/repository/org/apache/logging/log4j/log4j-api/2.17.2/log4j-api-2.17.2.jar:/Users/sachinchauhan/.m2/repository/org/slf4j/jul-to-slf4j/1.7.36/jul-to-slf4j-1.7.36.jar:/Users/sachinchauhan/.m2/repository/jakarta/annotation/jakarta.annotation-api/1.3.5/jakarta.annotation-api-1.3.5.jar:/Users/sachinchauhan/.m2/repository/org/yaml/snakeyaml/1.29/snakeyaml-1.29.jar:/Users/sachinchauhan/.m2/repository/org/springframework/boot/spring-boot-actuator-autoconfigure/2.6.6/spring-boot-actuator-autoconfigure-2.6.6.jar:/Users/sachinchauhan/.m2/repository/org/springframework/boot/spring-boot-actuator/2.6.6/spring-boot-actuator-2.6.6.jar:/Users/sachinchauhan/.m2/repository/com/fasterxml/jackson/core/jackson-databind/2.13.4.2/jackson-databind-2.13.4.2.jar:/Users/sachinchauhan/.m2/repository/io/micrometer/micrometer-core/1.9.5/micrometer-core-1.9.5.jar:/Users/sachinchauhan/.m2/repository/org/hdrhistogram/HdrHistogram/2.1.12/HdrHistogram-2.1.12.jar:/Users/sachinchauhan/.m2/repository/org/latencyutils/LatencyUtils/2.0.3/LatencyUtils-2.0.3.jar:/Users/sachinchauhan/.m2/repository/org/springframework/boot/spring-boot-starter-test/2.6.6/spring-boot-starter-test-2.6.6.jar:/Users/sachinchauhan/.m2/repository/org/springframework/boot/spring-boot-test/2.6.6/spring-boot-test-2.6.6.jar:/Users/sachinchauhan/.m2/repository/org/springframework/boot/spring-boot-test-autoconfigure/2.6.6/spring-boot-test-autoconfigure-2.6.6.jar:/Users/sachinchauhan/.m2/repository/com/jayway/jsonpath/json-path/2.6.0/json-path-2.6.0.jar:/Users/sachinchauhan/.m2/repository/net/minidev/json-smart/2.4.8/json-smart-2.4.8.jar:/Users/sachinchauhan/.m2/repository/net/minidev/accessors-smart/2.4.8/accessors-smart-2.4.8.jar:/Users/sachinchauhan/.m2/repository/org/ow2/asm/asm/9.1/asm-9.1.jar:/Users/sachinchauhan/.m2/repository/jakarta/xml/bind/jakarta.xml.bind-api/2.3.3/jakarta.xml.bind-api-2.3.3.jar:/Users/sachinchauhan/.m2/repository/jakarta/activation/jakarta.activation-api/1.2.2/jakarta.activation-api-1.2.2.jar:/Users/sachinchauhan/.m2/repository/org/assertj/assertj-core/3.22.0/assertj-core-3.22.0.jar:/Users/sachinchauhan/.m2/repository/org/hamcrest/hamcrest/2.2/hamcrest-2.2.jar:/Users/sachinchauhan/.m2/repository/org/junit/jupiter/junit-jupiter/5.9.1/junit-jupiter-5.9.1.jar:/Users/sachinchauhan/.m2/repository/org/junit/jupiter/junit-jupiter-api/5.9.1/junit-jupiter-api-5.9.1.jar:/Users/sachinchauhan/.m2/repository/org/opentest4j/opentest4j/1.2.0/opentest4j-1.2.0.jar:/Users/sachinchauhan/.m2/repository/org/junit/platform/junit-platform-commons/1.9.1/junit-platform-commons-1.9.1.jar:/Users/sachinchauhan/.m2/repository/org/apiguardian/apiguardian-api/1.1.2/apiguardian-api-1.1.2.jar:/Users/sachinchauhan/.m2/repository/org/junit/jupiter/junit-jupiter-params/5.9.1/junit-jupiter-params-5.9.1.jar:/Users/sachinchauhan/.m2/repository/org/junit/jupiter/junit-jupiter-engine/5.9.1/junit-jupiter-engine-5.9.1.jar:/Users/sachinchauhan/.m2/repository/org/junit/platform/junit-platform-engine/1.9.1/junit-platform-engine-1.9.1.jar:/Users/sachinchauhan/.m2/repository/org/mockito/mockito-core/4.8.1/mockito-core-4.8.1.jar:/Users/sachinchauhan/.m2/repository/net/bytebuddy/byte-buddy/1.12.18/byte-buddy-1.12.18.jar:/Users/sachinchauhan/.m2/repository/net/bytebuddy/byte-buddy-agent/1.11.22/byte-buddy-agent-1.11.22.jar:/Users/sachinchauhan/.m2/repository/org/objenesis/objenesis/3.2/objenesis-3.2.jar:/Users/sachinchauhan/.m2/repository/org/mockito/mockito-junit-jupiter/4.8.1/mockito-junit-jupiter-4.8.1.jar:/Users/sachinchauhan/.m2/repository/org/skyscreamer/jsonassert/1.5.0/jsonassert-1.5.0.jar:/Users/sachinchauhan/.m2/repository/com/vaadin/external/google/android-json/0.0.20131108.vaadin1/android-json-0.0.20131108.vaadin1.jar:/Users/sachinchauhan/.m2/repository/org/springframework/spring-core/5.3.18/spring-core-5.3.18.jar:/Users/sachinchauhan/.m2/repository/org/springframework/spring-jcl/5.3.18/spring-jcl-5.3.18.jar:/Users/sachinchauhan/.m2/repository/org/springframework/spring-test/5.3.18/spring-test-5.3.18.jar:/Users/sachinchauhan/.m2/repository/org/xmlunit/xmlunit-core/2.8.4/xmlunit-core-2.8.4.jar:"/>
    <property name="sun.cpu.endian" value="little"/>
    <property name="user.home" value="/Users/sachinchauhan"/>
    <property name="user.language" value="en"/>
    <property name="maven.settings" value="/Users/sachinchauhan/.m2/settings.xml"/>
    <property name="java.specification.vendor" value="Oracle Corporation"/>
    <property name="java.version.date" value="2022-10-18"/>
    <property name="java.home" value="/Users/sachinchauhan/Library/Java/JavaVirtualMachines/corretto-11.0.17-2/Contents/Home"/>
    <property name="file.separator" value="/"/>
    <property name="basedir" value="/Users/sachinchauhan/Downloads/kogito-examples-stable 3/kogito-springboot-examples/process-business-rules-springboot"/>
    <property name="java.vm.compressedOopsMode" value="Zero based"/>
    <property name="line.separator" value="&#10;"/>
    <property name="java.specification.name" value="Java Platform API Specification"/>
    <property name="java.vm.specification.vendor" value="Oracle Corporation"/>
    <property name="FILE_LOG_CHARSET" value="UTF-8"/>
    <property name="java.awt.graphicsenv" value="sun.awt.CGraphicsEnvironment"/>
    <property name="java.awt.headless" value="true"/>
    <property name="org.uberfire.sys.repo.monitor.disabled" value="true"/>
    <property name="surefire.real.class.path" value="/Users/sachinchauhan/Downloads/kogito-examples-stable 3/kogito-springboot-examples/process-business-rules-springboot/target/surefire/surefirebooter15223489495133117538.jar"/>
    <property name="tests.category" value=""/>
    <property name="sun.management.compiler" value="HotSpot 64-Bit Tiered Compilers"/>
    <property name="ftp.nonProxyHosts" value="local|*.local|169.254/16|*.169.254/16"/>
    <property name="java.runtime.version" value="11.0.17+8-LTS"/>
    <property name="user.name" value="sachinchauhan"/>
    <property name="path.separator" value=":"/>
    <property name="os.version" value="12.0.1"/>
    <property name="java.runtime.name" value="OpenJDK Runtime Environment"/>
    <property name="file.encoding" value="UTF-8"/>
    <property name="spring.beaninfo.ignore" value="true"/>
    <property name="java.vm.name" value="OpenJDK 64-Bit Server VM"/>
    <property name="java.vendor.version" value="Corretto-11.0.17.8.1"/>
    <property name="org.uberfire.nio.git.ssh.enabled" value="false"/>
    <property name="localRepository" value="/Users/sachinchauhan/.m2/repository"/>
    <property name="java.vendor.url.bug" value="https://github.com/corretto/corretto-11/issues/"/>
    <property name="java.io.tmpdir" value="/Users/sachinchauhan/Downloads/kogito-examples-stable 3/kogito-springboot-examples/process-business-rules-springboot/target"/>
    <property name="catalina.home" value="/Users/sachinchauhan/Downloads/kogito-examples-stable 3/kogito-springboot-examples/process-business-rules-springboot/target/tomcat.0.11025411567250403695"/>
    <property name="java.version" value="11.0.17"/>
    <property name="user.dir" value="/Users/sachinchauhan/Downloads/kogito-examples-stable 3/kogito-springboot-examples/process-business-rules-springboot"/>
    <property name="os.arch" value="x86_64"/>
    <property name="java.vm.specification.name" value="Java Virtual Machine Specification"/>
    <property name="PID" value="80359"/>
    <property name="java.awt.printerjob" value="sun.lwawt.macosx.CPrinterJob"/>
    <property name="sun.os.patch.level" value="unknown"/>
    <property name="CONSOLE_LOG_CHARSET" value="UTF-8"/>
    <property name="catalina.base" value="/Users/sachinchauhan/Downloads/kogito-examples-stable 3/kogito-springboot-examples/process-business-rules-springboot/target/tomcat.0.1922628191768939217"/>
    <property name="java.library.path" value="/Users/sachinchauhan/Library/Java/Extensions:/Library/Java/Extensions:/Network/Library/Java/Extensions:/System/Library/Java/Extensions:/usr/lib/java:."/>
    <property name="java.vm.info" value="mixed mode"/>
    <property name="java.vendor" value="Amazon.com Inc."/>
    <property name="java.vm.version" value="11.0.17+8-LTS"/>
    <property name="sun.io.unicode.encoding" value="UnicodeBig"/>
    <property name="apple.awt.UIElement" value="true"/>
    <property name="maven.repo.local" value="/Users/sachinchauhan/.m2/repository"/>
    <property name="java.class.version" value="55.0"/>
    <property name="socksNonProxyHosts" value="local|*.local|169.254/16|*.169.254/16"/>
  </properties>
  <testcase name="testAdult" classname="org.acme.travels.PersonsProcessTest" time="0.962">
    <system-out><![CDATA[14:19:26.277 [main] DEBUG org.springframework.test.context.BootstrapUtils - Instantiating CacheAwareContextLoaderDelegate from class [org.springframework.test.context.cache.DefaultCacheAwareContextLoaderDelegate]
14:19:26.303 [main] DEBUG org.springframework.test.context.BootstrapUtils - Instantiating BootstrapContext using constructor [public org.springframework.test.context.support.DefaultBootstrapContext(java.lang.Class,org.springframework.test.context.CacheAwareContextLoaderDelegate)]
14:19:26.392 [main] DEBUG org.springframework.test.context.BootstrapUtils - Instantiating TestContextBootstrapper for test class [org.acme.travels.PersonsProcessTest] from class [org.springframework.boot.test.context.SpringBootTestContextBootstrapper]
14:19:26.407 [main] INFO org.springframework.boot.test.context.SpringBootTestContextBootstrapper - Neither @ContextConfiguration nor @ContextHierarchy found for test class [org.acme.travels.PersonsProcessTest], using SpringBootContextLoader
14:19:26.413 [main] DEBUG org.springframework.test.context.support.AbstractContextLoader - Did not detect default resource location for test class [org.acme.travels.PersonsProcessTest]: class path resource [org/acme/travels/PersonsProcessTest-context.xml] does not exist
14:19:26.415 [main] DEBUG org.springframework.test.context.support.AbstractContextLoader - Did not detect default resource location for test class [org.acme.travels.PersonsProcessTest]: class path resource [org/acme/travels/PersonsProcessTestContext.groovy] does not exist
14:19:26.415 [main] INFO org.springframework.test.context.support.AbstractContextLoader - Could not detect default resource locations for test class [org.acme.travels.PersonsProcessTest]: no resource found for suffixes {-context.xml, Context.groovy}.
14:19:26.503 [main] DEBUG org.springframework.test.context.support.ActiveProfilesUtils - Could not find an 'annotation declaring class' for annotation type [org.springframework.test.context.ActiveProfiles] and class [org.acme.travels.PersonsProcessTest]
14:19:26.931 [main] DEBUG org.springframework.boot.test.context.SpringBootTestContextBootstrapper - @TestExecutionListeners is not present for class [org.acme.travels.PersonsProcessTest]: using defaults.
14:19:26.933 [main] INFO org.springframework.boot.test.context.SpringBootTestContextBootstrapper - Loaded default TestExecutionListener class names from location [META-INF/spring.factories]: [org.springframework.boot.test.mock.mockito.MockitoTestExecutionListener, org.springframework.boot.test.mock.mockito.ResetMocksTestExecutionListener, org.springframework.boot.test.autoconfigure.restdocs.RestDocsTestExecutionListener, org.springframework.boot.test.autoconfigure.web.client.MockRestServiceServerResetTestExecutionListener, org.springframework.boot.test.autoconfigure.web.servlet.MockMvcPrintOnlyOnFailureTestExecutionListener, org.springframework.boot.test.autoconfigure.web.servlet.WebDriverTestExecutionListener, org.springframework.boot.test.autoconfigure.webservices.client.MockWebServiceServerTestExecutionListener, org.springframework.test.context.web.ServletTestExecutionListener, org.springframework.test.context.support.DirtiesContextBeforeModesTestExecutionListener, org.springframework.test.context.event.ApplicationEventsTestExecutionListener, org.springframework.test.context.support.DependencyInjectionTestExecutionListener, org.springframework.test.context.support.DirtiesContextTestExecutionListener, org.springframework.test.context.transaction.TransactionalTestExecutionListener, org.springframework.test.context.jdbc.SqlScriptsTestExecutionListener, org.springframework.test.context.event.EventPublishingTestExecutionListener]
14:19:26.967 [main] DEBUG org.springframework.boot.test.context.SpringBootTestContextBootstrapper - Skipping candidate TestExecutionListener [org.springframework.test.context.transaction.TransactionalTestExecutionListener] due to a missing dependency. Specify custom listener classes or make the default listener classes and their required dependencies available. Offending class: [org/springframework/transaction/annotation/AnnotationTransactionAttributeSource]
14:19:26.967 [main] INFO org.springframework.boot.test.context.SpringBootTestContextBootstrapper - Using TestExecutionListeners: [org.springframework.test.context.web.ServletTestExecutionListener@77a98a6a, org.springframework.test.context.support.DirtiesContextBeforeModesTestExecutionListener@78fbff54, org.springframework.test.context.event.ApplicationEventsTestExecutionListener@3e10dc6, org.springframework.boot.test.mock.mockito.MockitoTestExecutionListener@7e22550a, org.springframework.boot.test.autoconfigure.SpringBootDependencyInjectionTestExecutionListener@45e37a7e, org.springframework.test.context.support.DirtiesContextTestExecutionListener@62452cc9, org.springframework.test.context.jdbc.SqlScriptsTestExecutionListener@6941827a, org.springframework.test.context.event.EventPublishingTestExecutionListener@5a7005d, org.springframework.boot.test.mock.mockito.ResetMocksTestExecutionListener@5bc9ba1d, org.springframework.boot.test.autoconfigure.restdocs.RestDocsTestExecutionListener@1021f6c9, org.springframework.boot.test.autoconfigure.web.client.MockRestServiceServerResetTestExecutionListener@7516e4e5, org.springframework.boot.test.autoconfigure.web.servlet.MockMvcPrintOnlyOnFailureTestExecutionListener@488eb7f2, org.springframework.boot.test.autoconfigure.web.servlet.WebDriverTestExecutionListener@5e81e5ac, org.springframework.boot.test.autoconfigure.webservices.client.MockWebServiceServerTestExecutionListener@4189d70b]
14:19:26.971 [main] DEBUG org.springframework.test.context.support.AbstractDirtiesContextTestExecutionListener - Before test class: context [DefaultTestContext@62e6b5c8 testClass = PersonsProcessTest, testInstance = [null], testMethod = [null], testException = [null], mergedContextConfiguration = [WebMergedContextConfiguration@3f792b9b testClass = PersonsProcessTest, locations = '{}', classes = '{class org.kie.kogito.tests.KogitoInfinispanSpringbootApplication}', contextInitializerClasses = '[]', activeProfiles = '{}', propertySourceLocations = '{}', propertySourceProperties = '{org.springframework.boot.test.context.SpringBootTestContextBootstrapper=true, server.port=0}', contextCustomizers = set[org.springframework.boot.test.context.filter.ExcludeFilterContextCustomizer@432038ec, org.springframework.boot.test.json.DuplicateJsonObjectContextCustomizerFactory$DuplicateJsonObjectContextCustomizer@5a3bc7ed, org.springframework.boot.test.mock.mockito.MockitoContextCustomizer@0, org.springframework.boot.test.web.client.TestRestTemplateContextCustomizer@7d446ed1, org.springframework.boot.test.autoconfigure.actuate.metrics.MetricsExportContextCustomizerFactory$DisableMetricExportContextCustomizer@3bd323e9, org.springframework.boot.test.autoconfigure.properties.PropertyMappingContextCustomizer@0, org.springframework.boot.test.autoconfigure.web.servlet.WebDriverContextCustomizerFactory$Customizer@172b013, org.springframework.boot.test.context.SpringBootTestArgs@1, org.springframework.boot.test.context.SpringBootTestWebEnvironment@15de0b3c], resourceBasePath = 'src/main/webapp', contextLoader = 'org.springframework.boot.test.context.SpringBootContextLoader', parent = [null]], attributes = map['org.springframework.test.context.web.ServletTestExecutionListener.activateListener' -> false]], class annotated with @DirtiesContext [true] with mode [AFTER_EACH_TEST_METHOD].
14:19:26.991 [main] DEBUG org.springframework.test.context.support.DependencyInjectionTestExecutionListener - Performing dependency injection for test context [[DefaultTestContext@62e6b5c8 testClass = PersonsProcessTest, testInstance = org.acme.travels.PersonsProcessTest@792bbc74, testMethod = [null], testException = [null], mergedContextConfiguration = [WebMergedContextConfiguration@3f792b9b testClass = PersonsProcessTest, locations = '{}', classes = '{class org.kie.kogito.tests.KogitoInfinispanSpringbootApplication}', contextInitializerClasses = '[]', activeProfiles = '{}', propertySourceLocations = '{}', propertySourceProperties = '{org.springframework.boot.test.context.SpringBootTestContextBootstrapper=true, server.port=0}', contextCustomizers = set[org.springframework.boot.test.context.filter.ExcludeFilterContextCustomizer@432038ec, org.springframework.boot.test.json.DuplicateJsonObjectContextCustomizerFactory$DuplicateJsonObjectContextCustomizer@5a3bc7ed, org.springframework.boot.test.mock.mockito.MockitoContextCustomizer@0, org.springframework.boot.test.web.client.TestRestTemplateContextCustomizer@7d446ed1, org.springframework.boot.test.autoconfigure.actuate.metrics.MetricsExportContextCustomizerFactory$DisableMetricExportContextCustomizer@3bd323e9, org.springframework.boot.test.autoconfigure.properties.PropertyMappingContextCustomizer@0, org.springframework.boot.test.autoconfigure.web.servlet.WebDriverContextCustomizerFactory$Customizer@172b013, org.springframework.boot.test.context.SpringBootTestArgs@1, org.springframework.boot.test.context.SpringBootTestWebEnvironment@15de0b3c], resourceBasePath = 'src/main/webapp', contextLoader = 'org.springframework.boot.test.context.SpringBootContextLoader', parent = [null]], attributes = map['org.springframework.test.context.web.ServletTestExecutionListener.activateListener' -> false, 'org.springframework.test.context.event.ApplicationEventsTestExecutionListener.recordApplicationEvents' -> false]]].

  .   ____          _            __ _ _
 /\\ / ___'_ __ _ _(_)_ __  __ _ \ \ \ \
( ( )\___ | '_ | '_| | '_ \/ _` | \ \ \ \
 \\/  ___)| |_)| | | | | || (_| |  ) ) ) )
  '  |____| .__|_| |_|_| |_\__, | / / / /
 =========|_|==============|___/=/_/_/_/
 :: Spring Boot ::                (v2.6.6)

2022-12-12 14:19:27.796  INFO 80359 --- [           main] org.acme.travels.PersonsProcessTest      : Starting PersonsProcessTest using Java 11.0.17 on sachin.chauhan with PID 80359 (started by sachinchauhan in /Users/sachinchauhan/Downloads/kogito-examples-stable 3/kogito-springboot-examples/process-business-rules-springboot)
2022-12-12 14:19:27.798  INFO 80359 --- [           main] org.acme.travels.PersonsProcessTest      : No active profile set, falling back to 1 default profile: "default"
2022-12-12 14:19:31.566  INFO 80359 --- [           main] o.s.b.w.embedded.tomcat.TomcatWebServer  : Tomcat initialized with port(s): 0 (http)
2022-12-12 14:19:31.575  INFO 80359 --- [           main] o.apache.catalina.core.StandardService   : Starting service [Tomcat]
2022-12-12 14:19:31.575  INFO 80359 --- [           main] org.apache.catalina.core.StandardEngine  : Starting Servlet engine: [Apache Tomcat/9.0.60]
2022-12-12 14:19:32.114  INFO 80359 --- [           main] o.a.c.c.C.[Tomcat].[localhost].[/]       : Initializing Spring embedded WebApplicationContext
2022-12-12 14:19:32.114  INFO 80359 --- [           main] w.s.c.ServletWebServerApplicationContext : Root WebApplicationContext: initialization completed in 4278 ms
2022-12-12 14:19:37.382  INFO 80359 --- [           main] o.s.b.a.e.web.EndpointLinksResolver      : Exposing 1 endpoint(s) beneath base path '/actuator'
2022-12-12 14:19:37.590  INFO 80359 --- [           main] o.s.b.w.embedded.tomcat.TomcatWebServer  : Tomcat started on port(s): 55261 (http) with context path ''
2022-12-12 14:19:37.840  INFO 80359 --- [           main] org.acme.travels.PersonsProcessTest      : Started PersonsProcessTest in 10.815 seconds (JVM running for 13.767)
]]></system-out>
  </testcase>
  <testcase name="testChild" classname="org.acme.travels.PersonsProcessTest" time="0.035">
    <system-out><![CDATA[
  .   ____          _            __ _ _
 /\\ / ___'_ __ _ _(_)_ __  __ _ \ \ \ \
( ( )\___ | '_ | '_| | '_ \/ _` | \ \ \ \
 \\/  ___)| |_)| | | | | || (_| |  ) ) ) )
  '  |____| .__|_| |_|_| |_\__, | / / / /
 =========|_|==============|___/=/_/_/_/
 :: Spring Boot ::                (v2.6.6)

2022-12-12 14:19:39.005  INFO 80359 --- [           main] org.acme.travels.PersonsProcessTest      : Starting PersonsProcessTest using Java 11.0.17 on sachin.chauhan with PID 80359 (started by sachinchauhan in /Users/sachinchauhan/Downloads/kogito-examples-stable 3/kogito-springboot-examples/process-business-rules-springboot)
2022-12-12 14:19:39.006  INFO 80359 --- [           main] org.acme.travels.PersonsProcessTest      : No active profile set, falling back to 1 default profile: "default"
2022-12-12 14:19:40.086  INFO 80359 --- [           main] o.s.b.w.embedded.tomcat.TomcatWebServer  : Tomcat initialized with port(s): 0 (http)
2022-12-12 14:19:40.087  INFO 80359 --- [           main] o.apache.catalina.core.StandardService   : Starting service [Tomcat]
2022-12-12 14:19:40.087  INFO 80359 --- [           main] org.apache.catalina.core.StandardEngine  : Starting Servlet engine: [Apache Tomcat/9.0.60]
2022-12-12 14:19:40.121  INFO 80359 --- [           main] o.a.c.c.C.[Tomcat].[localhost].[/]       : Initializing Spring embedded WebApplicationContext
2022-12-12 14:19:40.122  INFO 80359 --- [           main] w.s.c.ServletWebServerApplicationContext : Root WebApplicationContext: initialization completed in 1107 ms
2022-12-12 14:19:42.076  INFO 80359 --- [           main] o.s.b.a.e.web.EndpointLinksResolver      : Exposing 1 endpoint(s) beneath base path '/actuator'
2022-12-12 14:19:42.144  INFO 80359 --- [           main] o.s.b.w.embedded.tomcat.TomcatWebServer  : Tomcat started on port(s): 55288 (http) with context path ''
2022-12-12 14:19:42.155  INFO 80359 --- [           main] org.acme.travels.PersonsProcessTest      : Started PersonsProcessTest in 3.242 seconds (JVM running for 18.082)
]]></system-out>
  </testcase>
</testsuite>